TN:
SF:server/config.js
FNF:0
FNH:0
DA:4,3
DA:6,3
DA:7,3
DA:8,3
LF:4
LH:4
BRDA:11,0,0,3
BRDA:11,0,1,0
BRF:2
BRH:1
end_of_record
TN:
SF:server/controller.js
FN:4,(anonymous_0)
FN:8,(anonymous_1)
FNF:2
FNH:2
FNDA:2,(anonymous_0)
FNDA:1,(anonymous_1)
DA:5,2
DA:9,1
LF:2
LH:2
BRF:0
BRH:0
end_of_record
TN:
SF:server/routes.js
FN:16,routes
FN:70,handleError
FN:82,handler
FN:85,(anonymous_3)
FNF:4
FNH:4
FNDA:8,routes
FNDA:2,handleError
FNDA:8,handler
FNDA:2,(anonymous_3)
DA:14,1
DA:15,1
DA:17,8
DA:19,8
DA:20,1
DA:24,1
DA:27,7
DA:30,1
DA:37,1
DA:40,6
DA:43,1
DA:45,1
DA:49,5
DA:53,4
DA:54,2
DA:55,2
DA:56,1
DA:61,2
DA:65,1
DA:66,1
DA:71,2
DA:72,1
DA:73,1
DA:74,1
DA:77,1
DA:78,1
DA:79,1
DA:84,8
DA:85,2
LF:29
LH:29
BRDA:19,0,0,1
BRDA:19,0,1,7
BRDA:19,1,0,8
BRDA:19,1,1,7
BRDA:27,2,0,1
BRDA:27,2,1,6
BRDA:27,3,0,7
BRDA:27,3,1,6
BRDA:40,4,0,1
BRDA:40,4,1,5
BRDA:40,5,0,6
BRDA:40,5,1,5
BRDA:49,6,0,4
BRDA:49,6,1,1
BRDA:55,7,0,1
BRDA:55,7,1,1
BRDA:71,8,0,1
BRDA:71,8,1,1
BRF:18
BRH:18
end_of_record
TN:
SF:server/service.js
FN:14,(anonymous_0)
FN:18,(anonymous_1)
FN:30,(anonymous_2)
FNF:3
FNH:3
FNDA:1,(anonymous_0)
FNDA:1,(anonymous_1)
FNDA:1,(anonymous_2)
DA:10,3
DA:15,1
DA:20,1
DA:22,1
DA:23,1
DA:24,1
DA:34,1
DA:36,1
LF:8
LH:8
BRF:0
BRH:0
end_of_record
TN:
SF:server/util.js
FNF:0
FNH:0
DA:3,1
DA:13,1
LF:2
LH:2
BRF:0
BRH:0
end_of_record
TN:
SF:tests/unit/_util/testUtil.js
FN:5,(anonymous_0)
FN:7,(anonymous_1)
FN:17,(anonymous_2)
FN:19,(anonymous_3)
FN:27,(anonymous_4)
FN:29,(anonymous_5)
FN:43,(anonymous_6)
FNF:7
FNH:4
FNDA:15,(anonymous_0)
FNDA:0,(anonymous_1)
FNDA:8,(anonymous_2)
FNDA:0,(anonymous_3)
FNDA:8,(anonymous_4)
FNDA:0,(anonymous_5)
FNDA:8,(anonymous_6)
DA:6,15
DA:8,0
DA:9,0
DA:12,0
DA:18,8
DA:20,0
DA:22,0
DA:28,8
DA:29,8
DA:30,8
DA:42,8
DA:43,8
LF:12
LH:7
BRF:0
BRH:0
end_of_record
